Train size: 45000, validation size: 5000, test size: 10000
Number of parameters: 11191424
StoResNet18(
  (conv1): StoConv2d(3, 64, kernel_size=(3, 3), stride=(1, 1), padding=(1, 1), bias=False, n_components=2, prior_mean=1.0, prior_std=0.5, posterior_mean_init=(1.0, 0.5), posterior_std_init=(0.05, 0.02), mode=in)
  (bn1): BatchNorm2d(64, eps=1e-05, momentum=0.1, affine=True, track_running_stats=True)
  (relu): ReLU(inplace=True)
  (layer1): StoSequential(
    (0): StoBasicBlock(
      (conv1): StoConv2d(64, 64, kernel_size=(3, 3), stride=(1, 1), padding=(1, 1), bias=False, n_components=2, prior_mean=1.0, prior_std=0.5, posterior_mean_init=(1.0, 0.5), posterior_std_init=(0.05, 0.02), mode=in)
      (bn1): BatchNorm2d(64, eps=1e-05, momentum=0.1, affine=True, track_running_stats=True)
      (relu): ReLU(inplace=True)
      (conv2): StoConv2d(64, 64, kernel_size=(3, 3), stride=(1, 1), padding=(1, 1), bias=False, n_components=2, prior_mean=1.0, prior_std=0.5, posterior_mean_init=(1.0, 0.5), posterior_std_init=(0.05, 0.02), mode=in)
      (bn2): BatchNorm2d(64, eps=1e-05, momentum=0.1, affine=True, track_running_stats=True)
    )
    (1): StoBasicBlock(
      (conv1): StoConv2d(64, 64, kernel_size=(3, 3), stride=(1, 1), padding=(1, 1), bias=False, n_components=2, prior_mean=1.0, prior_std=0.5, posterior_mean_init=(1.0, 0.5), posterior_std_init=(0.05, 0.02), mode=in)
      (bn1): BatchNorm2d(64, eps=1e-05, momentum=0.1, affine=True, track_running_stats=True)
      (relu): ReLU(inplace=True)
      (conv2): StoConv2d(64, 64, kernel_size=(3, 3), stride=(1, 1), padding=(1, 1), bias=False, n_components=2, prior_mean=1.0, prior_std=0.5, posterior_mean_init=(1.0, 0.5), posterior_std_init=(0.05, 0.02), mode=in)
      (bn2): BatchNorm2d(64, eps=1e-05, momentum=0.1, affine=True, track_running_stats=True)
    )
  )
  (layer2): StoSequential(
    (0): StoBasicBlock(
      (conv1): StoConv2d(64, 128, kernel_size=(3, 3), stride=(2, 2), padding=(1, 1), bias=False, n_components=2, prior_mean=1.0, prior_std=0.5, posterior_mean_init=(1.0, 0.5), posterior_std_init=(0.05, 0.02), mode=in)
      (bn1): BatchNorm2d(128, eps=1e-05, momentum=0.1, affine=True, track_running_stats=True)
      (relu): ReLU(inplace=True)
      (conv2): StoConv2d(128, 128, kernel_size=(3, 3), stride=(1, 1), padding=(1, 1), bias=False, n_components=2, prior_mean=1.0, prior_std=0.5, posterior_mean_init=(1.0, 0.5), posterior_std_init=(0.05, 0.02), mode=in)
      (bn2): BatchNorm2d(128, eps=1e-05, momentum=0.1, affine=True, track_running_stats=True)
      (downsample): StoSequential(
        (0): StoConv2d(64, 128, kernel_size=(1, 1), stride=(2, 2), bias=False, n_components=2, prior_mean=1.0, prior_std=0.5, posterior_mean_init=(1.0, 0.5), posterior_std_init=(0.05, 0.02), mode=in)
        (1): BatchNorm2d(128, eps=1e-05, momentum=0.1, affine=True, track_running_stats=True)
      )
    )
    (1): StoBasicBlock(
      (conv1): StoConv2d(128, 128, kernel_size=(3, 3), stride=(1, 1), padding=(1, 1), bias=False, n_components=2, prior_mean=1.0, prior_std=0.5, posterior_mean_init=(1.0, 0.5), posterior_std_init=(0.05, 0.02), mode=in)
      (bn1): BatchNorm2d(128, eps=1e-05, momentum=0.1, affine=True, track_running_stats=True)
      (relu): ReLU(inplace=True)
      (conv2): StoConv2d(128, 128, kernel_size=(3, 3), stride=(1, 1), padding=(1, 1), bias=False, n_components=2, prior_mean=1.0, prior_std=0.5, posterior_mean_init=(1.0, 0.5), posterior_std_init=(0.05, 0.02), mode=in)
      (bn2): BatchNorm2d(128, eps=1e-05, momentum=0.1, affine=True, track_running_stats=True)
    )
  )
  (layer3): StoSequential(
    (0): StoBasicBlock(
      (conv1): StoConv2d(128, 256, kernel_size=(3, 3), stride=(2, 2), padding=(1, 1), bias=False, n_components=2, prior_mean=1.0, prior_std=0.5, posterior_mean_init=(1.0, 0.5), posterior_std_init=(0.05, 0.02), mode=in)
      (bn1): BatchNorm2d(256, eps=1e-05, momentum=0.1, affine=True, track_running_stats=True)
      (relu): ReLU(inplace=True)
      (conv2): StoConv2d(256, 256, kernel_size=(3, 3), stride=(1, 1), padding=(1, 1), bias=False, n_components=2, prior_mean=1.0, prior_std=0.5, posterior_mean_init=(1.0, 0.5), posterior_std_init=(0.05, 0.02), mode=in)
      (bn2): BatchNorm2d(256, eps=1e-05, momentum=0.1, affine=True, track_running_stats=True)
      (downsample): StoSequential(
        (0): StoConv2d(128, 256, kernel_size=(1, 1), stride=(2, 2), bias=False, n_components=2, prior_mean=1.0, prior_std=0.5, posterior_mean_init=(1.0, 0.5), posterior_std_init=(0.05, 0.02), mode=in)
        (1): BatchNorm2d(256, eps=1e-05, momentum=0.1, affine=True, track_running_stats=True)
      )
    )
    (1): StoBasicBlock(
      (conv1): StoConv2d(256, 256, kernel_size=(3, 3), stride=(1, 1), padding=(1, 1), bias=False, n_components=2, prior_mean=1.0, prior_std=0.5, posterior_mean_init=(1.0, 0.5), posterior_std_init=(0.05, 0.02), mode=in)
      (bn1): BatchNorm2d(256, eps=1e-05, momentum=0.1, affine=True, track_running_stats=True)
      (relu): ReLU(inplace=True)
      (conv2): StoConv2d(256, 256, kernel_size=(3, 3), stride=(1, 1), padding=(1, 1), bias=False, n_components=2, prior_mean=1.0, prior_std=0.5, posterior_mean_init=(1.0, 0.5), posterior_std_init=(0.05, 0.02), mode=in)
      (bn2): BatchNorm2d(256, eps=1e-05, momentum=0.1, affine=True, track_running_stats=True)
    )
  )
  (layer4): StoSequential(
    (0): StoBasicBlock(
      (conv1): StoConv2d(256, 512, kernel_size=(3, 3), stride=(2, 2), padding=(1, 1), bias=False, n_components=2, prior_mean=1.0, prior_std=0.5, posterior_mean_init=(1.0, 0.5), posterior_std_init=(0.05, 0.02), mode=in)
      (bn1): BatchNorm2d(512, eps=1e-05, momentum=0.1, affine=True, track_running_stats=True)
      (relu): ReLU(inplace=True)
      (conv2): StoConv2d(512, 512, kernel_size=(3, 3), stride=(1, 1), padding=(1, 1), bias=False, n_components=2, prior_mean=1.0, prior_std=0.5, posterior_mean_init=(1.0, 0.5), posterior_std_init=(0.05, 0.02), mode=in)
      (bn2): BatchNorm2d(512, eps=1e-05, momentum=0.1, affine=True, track_running_stats=True)
      (downsample): StoSequential(
        (0): StoConv2d(256, 512, kernel_size=(1, 1), stride=(2, 2), bias=False, n_components=2, prior_mean=1.0, prior_std=0.5, posterior_mean_init=(1.0, 0.5), posterior_std_init=(0.05, 0.02), mode=in)
        (1): BatchNorm2d(512, eps=1e-05, momentum=0.1, affine=True, track_running_stats=True)
      )
    )
    (1): StoBasicBlock(
      (conv1): StoConv2d(512, 512, kernel_size=(3, 3), stride=(1, 1), padding=(1, 1), bias=False, n_components=2, prior_mean=1.0, prior_std=0.5, posterior_mean_init=(1.0, 0.5), posterior_std_init=(0.05, 0.02), mode=in)
      (bn1): BatchNorm2d(512, eps=1e-05, momentum=0.1, affine=True, track_running_stats=True)
      (relu): ReLU(inplace=True)
      (conv2): StoConv2d(512, 512, kernel_size=(3, 3), stride=(1, 1), padding=(1, 1), bias=False, n_components=2, prior_mean=1.0, prior_std=0.5, posterior_mean_init=(1.0, 0.5), posterior_std_init=(0.05, 0.02), mode=in)
      (bn2): BatchNorm2d(512, eps=1e-05, momentum=0.1, affine=True, track_running_stats=True)
    )
  )
  (avgpool): AvgPool2d(kernel_size=(4, 4), stride=(4, 4), padding=0)
  (fc): StoLinear(in_features=512, out_features=10, bias=True, n_components=2, prior_mean=1.0, prior_std=0.5, posterior_mean_init=(1.0, 0.5), posterior_std_init=(0.05, 0.02), mode=in)
)
-1.8564329147338867
tensor([1., 1., 1., 1., 1., 1., 1., 1., 1., 1.], device='cuda:0')
17.29667377471924
tensor([1.0000, 1.0000, 1.0000, 1.5495, 1.0000, 1.4501, 1.0000, 1.0000, 1.0003,
        1.0000], device='cuda:0')
9.1995267868042
tensor([1.1111, 1.1089, 1.1111, 1.6607, 1.0634, 1.5609, 1.1111, 1.1104, 1.0816,
        1.0809], device='cuda:0')
12.753761291503906
tensor([1.2222, 1.2177, 1.2221, 1.7715, 1.1744, 1.6720, 1.2222, 1.1688, 1.1374,
        1.1917], device='cuda:0')
0.7358865737915039
tensor([1.3332, 1.2597, 1.3303, 1.8609, 1.2745, 1.7830, 1.3331, 1.2777, 1.2448,
        1.3027], device='cuda:0')
6.3467018604278564
tensor([1.4441, 1.3614, 1.3883, 1.9334, 1.3779, 1.8940, 1.4441, 1.3879, 1.3549,
        1.4138], device='cuda:0')
5.290729522705078
tensor([1.5490, 1.4635, 1.4658, 2.0384, 1.4801, 1.9849, 1.5498, 1.4893, 1.4552,
        1.5241], device='cuda:0')
5.946474075317383
tensor([1.6457, 1.5550, 1.5550, 2.1410, 1.5872, 2.0782, 1.6544, 1.5969, 1.5595,
        1.6272], device='cuda:0')
2.5376670360565186
tensor([1.7457, 1.6422, 1.6648, 2.2396, 1.6969, 2.1751, 1.7631, 1.7075, 1.6343,
        1.7308], device='cuda:0')
5.311178684234619
tensor([1.8545, 1.7532, 1.7759, 2.3496, 1.8078, 2.2713, 1.8730, 1.8185, 1.7388,
        1.7574], device='cuda:0')
2.1259429454803467
tensor([1.9607, 1.8642, 1.8850, 2.4556, 1.9165, 2.3528, 1.9673, 1.9288, 1.8018,
        1.8673], device='cuda:0')
1.2803890705108643
tensor([2.0548, 1.9743, 1.9914, 2.5545, 2.0222, 2.4589, 2.0553, 2.0340, 1.8870,
        1.9676], device='cuda:0')
3.849032163619995
tensor([2.1341, 2.0825, 2.0985, 2.6615, 2.1171, 2.5609, 2.1522, 2.1345, 1.9834,
        2.0752], device='cuda:0')
1.6208844184875488
tensor([2.2286, 2.1915, 2.1849, 2.7580, 2.2178, 2.6655, 2.2494, 2.2377, 2.0863,
        2.1803], device='cuda:0')
1.1539729833602905
tensor([2.3293, 2.3008, 2.2648, 2.8398, 2.3224, 2.7686, 2.3499, 2.3416, 2.1932,
        2.2896], device='cuda:0')
2.217336654663086
tensor([2.4264, 2.4107, 2.3385, 2.9340, 2.4229, 2.8732, 2.4517, 2.4433, 2.3010,
        2.3982], device='cuda:0')
1.68062162399292
tensor([2.5159, 2.5216, 2.4397, 3.0430, 2.5131, 2.9658, 2.5593, 2.5218, 2.4110,
        2.5088], device='cuda:0')
0.4386780261993408
tensor([2.6095, 2.6297, 2.5446, 3.1513, 2.6146, 3.0541, 2.6601, 2.6055, 2.5175,
        2.6132], device='cuda:0')
0.7128684520721436
tensor([2.7058, 2.7374, 2.6502, 3.2607, 2.7170, 3.1368, 2.7519, 2.7018, 2.6237,
        2.7148], device='cuda:0')
0.6895880699157715
tensor([2.8061, 2.8406, 2.7541, 3.3681, 2.8204, 3.2218, 2.8460, 2.8040, 2.7281,
        2.8109], device='cuda:0')
0.975717306137085
tensor([2.9080, 2.9450, 2.8590, 3.4748, 2.9231, 3.2979, 2.9502, 2.9067, 2.8329,
        2.9024], device='cuda:0')
0.7581796646118164
tensor([3.0105, 3.0484, 2.9625, 3.5813, 3.0244, 3.3773, 3.0543, 3.0101, 2.9369,
        2.9943], device='cuda:0')
0.8204374313354492
tensor([3.1128, 3.1510, 3.0618, 3.6878, 3.1224, 3.4717, 3.1463, 3.1149, 3.0398,
        3.0915], device='cuda:0')
0.2381453514099121
tensor([3.2146, 3.2536, 3.1606, 3.7936, 3.2033, 3.5677, 3.2507, 3.2208, 3.1427,
        3.1924], device='cuda:0')
1.4505369663238525
tensor([3.3166, 3.3594, 3.2646, 3.9007, 3.2639, 3.6652, 3.3576, 3.3287, 3.2474,
        3.2959], device='cuda:0')
0.47366762161254883
tensor([3.4130, 3.4636, 3.3680, 4.0066, 3.3495, 3.7675, 3.4633, 3.4354, 3.3523,
        3.3809], device='cuda:0')
0.7953188419342041
tensor([3.5085, 3.5664, 3.4669, 4.1103, 3.4425, 3.8717, 3.5678, 3.5397, 3.4558,
        3.4705], device='cuda:0')
0.9447855949401855
tensor([3.6040, 3.6691, 3.5669, 4.2133, 3.5416, 3.9770, 3.6721, 3.6424, 3.5583,
        3.5554], device='cuda:0')
1.3283991813659668
tensor([3.6985, 3.7645, 3.6664, 4.3159, 3.6429, 4.0833, 3.7762, 3.7453, 3.6598,
        3.6472], device='cuda:0')
0.0431365966796875
tensor([3.7902, 3.8421, 3.7710, 4.4199, 3.7453, 4.1888, 3.8831, 3.8501, 3.7618,
        3.7476], device='cuda:0')
0.2890636920928955
tensor([3.8877, 3.9212, 3.8712, 4.5223, 3.8491, 4.2946, 3.9874, 3.9536, 3.8634,
        3.8494], device='cuda:0')
0.10621142387390137
tensor([3.9869, 4.0077, 3.9714, 4.6247, 3.9532, 4.3986, 4.0877, 4.0557, 3.9649,
        3.9493], device='cuda:0')
0.3718447685241699
tensor([4.0859, 4.0920, 4.0715, 4.7244, 4.0578, 4.5037, 4.1889, 4.1575, 4.0659,
        4.0524], device='cuda:0')
0.2983541488647461
tensor([4.1870, 4.1823, 4.1723, 4.8236, 4.1621, 4.6054, 4.2872, 4.2580, 4.1669,
        4.1553], device='cuda:0')
0.2121366262435913
tensor([4.2882, 4.2785, 4.2743, 4.9248, 4.2662, 4.7063, 4.3827, 4.3552, 4.2679,
        4.2559], device='cuda:0')
0.09509444236755371
tensor([4.3902, 4.3785, 4.3775, 5.0265, 4.3704, 4.8091, 4.4774, 4.4438, 4.3681,
        4.3586], device='cuda:0')
0.7464468479156494
tensor([4.4925, 4.4797, 4.4800, 5.1280, 4.4745, 4.9105, 4.5717, 4.5344, 4.4684,
        4.4602], device='cuda:0')
0.9196839332580566
tensor([4.5954, 4.5818, 4.5832, 5.2304, 4.5789, 5.0122, 4.6624, 4.6264, 4.5687,
        4.5607], device='cuda:0')
0.20498418807983398
tensor([4.6987, 4.6839, 4.6862, 5.3333, 4.6826, 5.1136, 4.7530, 4.7202, 4.6691,
        4.6594], device='cuda:0')
0.2909505367279053
tensor([4.8021, 4.7865, 4.7895, 5.4363, 4.7862, 5.2147, 4.8462, 4.8118, 4.7693,
        4.7574], device='cuda:0')
0.08744430541992188
tensor([4.9055, 4.8896, 4.8875, 5.5396, 4.8889, 5.3155, 4.9404, 4.9090, 4.8694,
        4.8547], device='cuda:0')
0.5038895606994629
tensor([5.0089, 4.9934, 4.9875, 5.6441, 4.9925, 5.4180, 5.0327, 5.0030, 4.9696,
        4.9504], device='cuda:0')
0.16475677490234375
tensor([5.1121, 5.0976, 5.0830, 5.7467, 5.0958, 5.5188, 5.1287, 5.0999, 5.0684,
        5.0489], device='cuda:0')
0.2546100616455078
tensor([5.2151, 5.2024, 5.1827, 5.8489, 5.1988, 5.6186, 5.2202, 5.1969, 5.1679,
        5.1487], device='cuda:0')
0.130751371383667
tensor([5.3183, 5.3070, 5.2833, 5.9506, 5.3009, 5.7171, 5.3141, 5.2924, 5.2668,
        5.2496], device='cuda:0')
0.20788311958312988
tensor([5.4209, 5.4111, 5.3824, 6.0513, 5.4036, 5.8149, 5.4089, 5.3896, 5.3672,
        5.3501], device='cuda:0')
0.12961125373840332
tensor([5.5234, 5.5153, 5.4837, 6.1535, 5.5068, 5.9077, 5.5057, 5.4843, 5.4674,
        5.4522], device='cuda:0')
0.16720962524414062
tensor([5.6259, 5.6192, 5.5862, 6.2525, 5.6097, 6.0021, 5.6022, 5.5793, 5.5685,
        5.5544], device='cuda:0')
0.11311769485473633
tensor([5.7286, 5.7232, 5.6895, 6.3520, 5.7135, 6.0910, 5.7008, 5.6737, 5.6701,
        5.6577], device='cuda:0')
0.07321667671203613
tensor([5.8308, 5.8266, 5.7921, 6.4505, 5.8174, 6.1802, 5.8011, 5.7694, 5.7715,
        5.7605], device='cuda:0')
0.16126704216003418
tensor([5.9333, 5.9299, 5.8964, 6.5490, 5.9212, 6.2656, 5.9038, 5.8636, 5.8723,
        5.8650], device='cuda:0')
0.2846338748931885
tensor([6.0357, 6.0324, 5.9986, 6.6465, 6.0243, 6.3537, 6.0059, 5.9600, 5.9739,
        5.9689], device='cuda:0')
0.20385217666625977
tensor([6.1387, 6.1344, 6.1004, 6.7447, 6.1272, 6.4426, 6.1093, 6.0536, 6.0755,
        6.0738], device='cuda:0')
0.12445533275604248
tensor([6.2412, 6.2362, 6.2016, 6.8425, 6.2297, 6.5322, 6.2117, 6.1492, 6.1772,
        6.1786], device='cuda:0')
0.13595104217529297
tensor([6.3440, 6.3371, 6.3028, 6.9406, 6.3319, 6.6269, 6.3155, 6.2391, 6.2792,
        6.2831], device='cuda:0')
0.07877135276794434
tensor([6.4466, 6.4371, 6.4040, 7.0369, 6.4339, 6.7220, 6.4198, 6.3310, 6.3805,
        6.3882], device='cuda:0')
0.10065054893493652
tensor([6.5491, 6.5367, 6.5054, 7.1337, 6.5359, 6.8177, 6.5237, 6.4237, 6.4812,
        6.4929], device='cuda:0')
0.19471406936645508
tensor([6.6516, 6.6345, 6.6084, 7.2305, 6.6381, 6.9106, 6.6294, 6.5174, 6.5795,
        6.6000], device='cuda:0')
0.19963479042053223
tensor([6.7542, 6.7322, 6.7099, 7.3283, 6.7378, 7.0071, 6.7343, 6.6111, 6.6784,
        6.7067], device='cuda:0')
0.17999720573425293
tensor([6.8559, 6.8297, 6.8117, 7.4251, 6.8364, 7.1036, 6.8390, 6.7078, 6.7778,
        6.8129], device='cuda:0')
0.21241426467895508
tensor([6.9574, 6.9275, 6.9136, 7.5182, 6.9349, 7.2014, 6.9433, 6.8073, 6.8772,
        6.9192], device='cuda:0')
0.13642501831054688
tensor([7.0588, 7.0255, 7.0169, 7.6116, 7.0285, 7.3008, 7.0486, 6.9072, 6.9752,
        7.0268], device='cuda:0')
0.0751657485961914
tensor([7.1597, 7.1229, 7.1203, 7.7092, 7.1203, 7.4004, 7.1528, 7.0060, 7.0744,
        7.1339], device='cuda:0')
0.07163143157958984
tensor([7.2603, 7.2198, 7.2252, 7.8076, 7.2068, 7.5021, 7.2577, 7.1058, 7.1732,
        7.2416], device='cuda:0')
0.08909916877746582
tensor([7.3606, 7.3162, 7.3293, 7.9079, 7.2954, 7.6029, 7.3608, 7.2054, 7.2739,
        7.3475], device='cuda:0')
0.10061526298522949
tensor([7.4607, 7.4133, 7.4330, 8.0077, 7.3849, 7.7040, 7.4639, 7.3047, 7.3748,
        7.4531], device='cuda:0')
0.08185148239135742
tensor([7.5605, 7.5087, 7.5369, 8.1082, 7.4753, 7.8052, 7.5664, 7.4046, 7.4764,
        7.5578], device='cuda:0')
0.06796503067016602
tensor([7.6598, 7.6032, 7.6413, 8.2092, 7.5646, 7.9071, 7.6692, 7.5044, 7.5783,
        7.6630], device='cuda:0')
0.13744330406188965
tensor([7.7585, 7.6985, 7.7454, 8.3097, 7.6564, 8.0089, 7.7712, 7.6044, 7.6804,
        7.7666], device='cuda:0')
0.11510658264160156
tensor([7.8561, 7.7927, 7.8502, 8.4117, 7.7451, 8.1115, 7.8739, 7.7039, 7.7830,
        7.8720], device='cuda:0')
0.10027432441711426
tensor([7.9536, 7.8886, 7.9541, 8.5107, 7.8388, 8.2136, 7.9752, 7.8040, 7.8853,
        7.9760], device='cuda:0')
0.12191390991210938
tensor([8.0516, 7.9843, 8.0574, 8.6109, 7.9354, 8.3154, 8.0763, 7.9035, 7.9876,
        8.0775], device='cuda:0')
0.1391279697418213
tensor([8.1482, 8.0794, 8.1618, 8.7089, 8.0288, 8.4189, 8.1782, 8.0033, 8.0902,
        8.1823], device='cuda:0')
0.06849956512451172
tensor([8.2443, 8.1763, 8.2652, 8.8068, 8.1262, 8.5207, 8.2796, 8.1029, 8.1930,
        8.2849], device='cuda:0')
0.011887550354003906
tensor([8.3414, 8.2731, 8.3678, 8.9054, 8.2265, 8.6215, 8.3805, 8.2032, 8.2955,
        8.3851], device='cuda:0')
0.10247373580932617
tensor([8.4382, 8.3699, 8.4707, 9.0043, 8.3272, 8.7219, 8.4812, 8.3039, 8.3979,
        8.4847], device='cuda:0')
0.0662992000579834
tensor([8.5339, 8.4647, 8.5737, 9.1032, 8.4283, 8.8227, 8.5808, 8.4050, 8.5003,
        8.5874], device='cuda:0')
0.06192302703857422
tensor([8.6298, 8.5589, 8.6766, 9.2017, 8.5305, 8.9229, 8.6810, 8.5065, 8.6023,
        8.6898], device='cuda:0')
0.07191896438598633
tensor([8.7249, 8.6529, 8.7792, 9.3017, 8.6330, 9.0230, 8.7814, 8.6088, 8.7041,
        8.7911], device='cuda:0')
0.12090754508972168
tensor([8.8194, 8.7467, 8.8823, 9.4026, 8.7354, 9.1240, 8.8812, 8.7113, 8.8056,
        8.8915], device='cuda:0')
0.0596926212310791
tensor([8.9134, 8.8417, 8.9844, 9.5036, 8.8383, 9.2240, 8.9809, 8.8143, 8.9069,
        8.9924], device='cuda:0')
0.067291259765625
tensor([9.0088, 8.9383, 9.0860, 9.6048, 8.9418, 9.3239, 9.0813, 8.9173, 9.0075,
        9.0902], device='cuda:0')
0.08779144287109375
tensor([9.1044, 9.0345, 9.1875, 9.7062, 9.0456, 9.4241, 9.1820, 9.0205, 9.1081,
        9.1871], device='cuda:0')
0.12241411209106445
tensor([9.2001, 9.1307, 9.2884, 9.8076, 9.1495, 9.5244, 9.2825, 9.1235, 9.2087,
        9.2847], device='cuda:0')
0.09832906723022461
tensor([9.2964, 9.2264, 9.3898, 9.9088, 9.2536, 9.6248, 9.3824, 9.2260, 9.3095,
        9.3825], device='cuda:0')
0.08116722106933594
tensor([ 9.3928,  9.3224,  9.4909, 10.0111,  9.3576,  9.7257,  9.4803,  9.3275,
         9.4104,  9.4813], device='cuda:0')
0.1558365821838379
tensor([ 9.4896,  9.4170,  9.5925, 10.1140,  9.4617,  9.8272,  9.5792,  9.4280,
         9.5114,  9.5796], device='cuda:0')
0.23742198944091797
tensor([ 9.5868,  9.5127,  9.6937, 10.2152,  9.5661,  9.9288,  9.6773,  9.5286,
         9.6126,  9.6781], device='cuda:0')
0.060320138931274414
tensor([ 9.6841,  9.6081,  9.7949, 10.3188,  9.6698, 10.0314,  9.7750,  9.6268,
         9.7138,  9.7773], device='cuda:0')
0.05767655372619629
tensor([ 9.7824,  9.7026,  9.8956, 10.4218,  9.7735, 10.1327,  9.8730,  9.7265,
         9.8152,  9.8767], device='cuda:0')
0.07600593566894531
tensor([ 9.8823,  9.7976,  9.9959, 10.5224,  9.8779, 10.2334,  9.9715,  9.8274,
         9.9174,  9.9743], device='cuda:0')
0.03982138633728027
tensor([ 9.9826,  9.8933, 10.0954, 10.6229,  9.9822, 10.3336, 10.0709,  9.9283,
        10.0198, 10.0710], device='cuda:0')
0.10883116722106934
tensor([10.0838,  9.9887, 10.1954, 10.7233, 10.0865, 10.4337, 10.1711, 10.0289,
        10.1224, 10.1660], device='cuda:0')
0.06344723701477051
tensor([10.1860, 10.0830, 10.2946, 10.8235, 10.1907, 10.5317, 10.2700, 10.1308,
        10.2256, 10.2639], device='cuda:0')
0.05267190933227539
tensor([10.2884, 10.1781, 10.3946, 10.9233, 10.2954, 10.6307, 10.3699, 10.2326,
        10.3276, 10.3594], device='cuda:0')
0.017150163650512695
tensor([10.3913, 10.2733, 10.4947, 11.0230, 10.4002, 10.7290, 10.4702, 10.3344,
        10.4297, 10.4542], device='cuda:0')
0.05176544189453125
tensor([10.4941, 10.3693, 10.5952, 11.1235, 10.5053, 10.8284, 10.5706, 10.4346,
        10.5313, 10.5477], device='cuda:0')
0.19004011154174805
tensor([10.5972, 10.4661, 10.6953, 11.2238, 10.6101, 10.9280, 10.6704, 10.5341,
        10.6329, 10.6421], device='cuda:0')
0.026304960250854492
tensor([10.7019, 10.5608, 10.7956, 11.3258, 10.7143, 11.0238, 10.7687, 10.6315,
        10.7355, 10.7420], device='cuda:0')
0.09441351890563965
tensor([10.8059, 10.6569, 10.8948, 11.4274, 10.8186, 11.1207, 10.8667, 10.7302,
        10.8378, 10.8411], device='cuda:0')
-0.0056378841400146484
tensor([10.9091, 10.7535, 10.9939, 11.5285, 10.9229, 11.2183, 10.9643, 10.8288,
        10.9400, 10.9405], device='cuda:0')
0.06057596206665039
tensor([10.9809, 10.8802, 11.1007, 11.6161, 10.9837, 11.3377, 11.1022, 10.9356,
        11.0208, 11.0421], device='cuda:0')
0.09660887718200684
tensor([11.0833, 10.9765, 11.2006, 11.7184, 11.0885, 11.4363, 11.1974, 11.0345,
        11.1228, 11.1415], device='cuda:0')
0.07203912734985352
tensor([11.1857, 11.0719, 11.2991, 11.8200, 11.1936, 11.5352, 11.2917, 11.1359,
        11.2251, 11.2416], device='cuda:0')
0.04405021667480469
tensor([11.2877, 11.1688, 11.3985, 11.9207, 11.2979, 11.6358, 11.3873, 11.2369,
        11.3268, 11.3395], device='cuda:0')
0.11726760864257812
tensor([11.3896, 11.2660, 11.4982, 12.0207, 11.4020, 11.7359, 11.4818, 11.3388,
        11.4283, 11.4386], device='cuda:0')
0.10734438896179199
tensor([11.4913, 11.3621, 11.5963, 12.1210, 11.5062, 11.8356, 11.5758, 11.4427,
        11.5303, 11.5385], device='cuda:0')
0.055119991302490234
tensor([11.5926, 11.4584, 11.6956, 12.2210, 11.6098, 11.9361, 11.6694, 11.5456,
        11.6320, 11.6394], device='cuda:0')
0.05800151824951172
tensor([11.6937, 11.5559, 11.7956, 12.3199, 11.7137, 12.0372, 11.7637, 11.6483,
        11.7339, 11.7380], device='cuda:0')
0.010480642318725586
tensor([11.7947, 11.6524, 11.8958, 12.4196, 11.8170, 12.1374, 11.8578, 11.7519,
        11.8355, 11.8378], device='cuda:0')
0.09092426300048828
tensor([11.8954, 11.7501, 11.9957, 12.5185, 11.9201, 12.2390, 11.9537, 11.8543,
        11.9372, 11.9360], device='cuda:0')
0.02149224281311035
tensor([11.9955, 11.8476, 12.0959, 12.6162, 12.0232, 12.3399, 12.0493, 11.9574,
        12.0395, 12.0353], device='cuda:0')
0.08111143112182617
tensor([12.0952, 11.9458, 12.1967, 12.7154, 12.1258, 12.4411, 12.1458, 12.0589,
        12.1416, 12.1336], device='cuda:0')
0.036713600158691406
tensor([12.1948, 12.0432, 12.2969, 12.8150, 12.2280, 12.5415, 12.2421, 12.1617,
        12.2439, 12.2327], device='cuda:0')
0.03222060203552246
tensor([12.2942, 12.1415, 12.3973, 12.9146, 12.3298, 12.6424, 12.3380, 12.2643,
        12.3465, 12.3314], device='cuda:0')
0.10580849647521973
tensor([12.3937, 12.2405, 12.4980, 13.0135, 12.4309, 12.7434, 12.4343, 12.3667,
        12.4490, 12.4300], device='cuda:0')
0.10104894638061523
tensor([12.4934, 12.3384, 12.5994, 13.1141, 12.5315, 12.8430, 12.5284, 12.4701,
        12.5509, 12.5307], device='cuda:0')
0.0068759918212890625
tensor([12.5935, 12.4378, 12.7002, 13.2135, 12.6321, 12.9429, 12.6235, 12.5731,
        12.6530, 12.6303], device='cuda:0')
0.07484817504882812
tensor([12.6938, 12.5373, 12.8013, 13.3142, 12.7332, 13.0421, 12.7169, 12.6759,
        12.7546, 12.7305], device='cuda:0')
0.014212369918823242
tensor([12.7944, 12.6372, 12.9029, 13.4133, 12.8344, 13.1415, 12.8098, 12.7792,
        12.8561, 12.8311], device='cuda:0')
0.06194639205932617
tensor([12.8948, 12.7371, 13.0046, 13.5130, 12.9352, 13.2404, 12.9032, 12.8823,
        12.9575, 12.9319], device='cuda:0')
-0.0011610984802246094
tensor([12.9957, 12.8377, 13.1066, 13.6123, 13.0364, 13.3377, 12.9938, 12.9871,
        13.0585, 13.0343], device='cuda:0')
0.05357980728149414
tensor([13.0851, 12.9320, 13.1839, 13.7128, 13.1182, 13.4543, 13.2070, 13.0473,
        13.1469, 13.1124], device='cuda:0')
0.05323386192321777
tensor([13.1864, 13.0323, 13.2867, 13.8129, 13.2197, 13.5534, 13.2958, 13.1502,
        13.2485, 13.2140], device='cuda:0')
0.0840144157409668
tensor([13.2881, 13.1330, 13.3901, 13.9125, 13.3210, 13.6528, 13.3834, 13.2528,
        13.3500, 13.3162], device='cuda:0')
0.09179210662841797
tensor([13.3904, 13.2342, 13.4938, 14.0117, 13.4229, 13.7516, 13.4690, 13.3564,
        13.4510, 13.4190], device='cuda:0')
0.04432249069213867
tensor([13.4934, 13.3349, 13.5981, 14.1121, 13.5244, 13.8510, 13.5542, 13.4584,
        13.5514, 13.5221], device='cuda:0')
0.011598825454711914
tensor([13.5960, 13.4358, 13.7014, 14.2106, 13.6257, 13.9500, 13.6425, 13.5615,
        13.6519, 13.6245], device='cuda:0')
0.01088857650756836
tensor([13.6987, 13.5369, 13.8041, 14.3087, 13.7271, 14.0502, 13.7300, 13.6643,
        13.7528, 13.7271], device='cuda:0')
0.02373647689819336
tensor([13.8016, 13.6382, 13.9071, 14.4071, 13.8279, 14.1497, 13.8179, 13.7673,
        13.8532, 13.8299], device='cuda:0')
0.0882110595703125
tensor([13.9050, 13.7398, 14.0101, 14.5052, 13.9283, 14.2488, 13.9060, 13.8707,
        13.9530, 13.9330], device='cuda:0')
0.055820465087890625
tensor([14.0087, 13.8405, 14.1128, 14.6035, 14.0290, 14.3478, 13.9946, 13.9745,
        14.0518, 14.0366], device='cuda:0')
0.09234046936035156
tensor([14.1122, 13.9399, 14.2162, 14.7023, 14.1294, 14.4478, 14.0841, 14.0773,
        14.1516, 14.1390], device='cuda:0')
0.04909992218017578
tensor([14.2160, 14.0390, 14.3199, 14.8013, 14.2298, 14.5487, 14.1753, 14.1782,
        14.2509, 14.2409], device='cuda:0')
0.07528138160705566
tensor([14.3203, 14.1383, 14.4234, 14.8997, 14.3310, 14.6481, 14.2650, 14.2812,
        14.3498, 14.3432], device='cuda:0')
0.08175969123840332
tensor([14.4248, 14.2364, 14.5274, 14.9979, 14.4324, 14.7478, 14.3557, 14.3843,
        14.4483, 14.4450], device='cuda:0')
0.04550743103027344
tensor([14.5288, 14.3347, 14.6316, 15.0973, 14.5335, 14.8480, 14.4483, 14.4849,
        14.5467, 14.5460], device='cuda:0')
0.055944204330444336
tensor([14.6328, 14.4326, 14.7361, 15.1972, 14.6351, 14.9481, 14.5403, 14.5865,
        14.6450, 14.6461], device='cuda:0')
0.06838274002075195
tensor([14.7358, 14.5317, 14.8406, 15.2975, 14.7364, 15.0488, 14.6349, 14.6849,
        14.7434, 14.7459], device='cuda:0')
0.12507033348083496
tensor([14.8390, 14.6304, 14.9453, 15.3976, 14.8370, 15.1480, 14.7302, 14.7866,
        14.8397, 14.8460], device='cuda:0')
0.06129884719848633
tensor([14.9424, 14.7291, 15.0508, 15.4990, 14.9374, 15.2484, 14.8269, 14.8880,
        14.9328, 14.9451], device='cuda:0')
0.08073568344116211
tensor([15.0448, 14.8290, 15.1559, 15.6001, 15.0370, 15.3501, 14.9237, 14.9875,
        15.0278, 15.0439], device='cuda:0')
0.05636858940124512
tensor([15.1468, 14.9290, 15.2611, 15.7002, 15.1367, 15.4512, 15.0202, 15.0904,
        15.1212, 15.1431], device='cuda:0')
0.07112598419189453
tensor([15.2487, 15.0294, 15.3661, 15.8013, 15.2358, 15.5525, 15.1173, 15.1929,
        15.2141, 15.2417], device='cuda:0')
0.038092851638793945
tensor([15.3505, 15.1303, 15.4713, 15.9025, 15.3347, 15.6540, 15.2156, 15.2959,
        15.3065, 15.3385], device='cuda:0')
0.030422449111938477
tensor([15.4525, 15.2318, 15.5767, 16.0047, 15.4327, 15.7557, 15.3148, 15.3982,
        15.3979, 15.4347], device='cuda:0')
0.12939929962158203
tensor([15.5546, 15.3341, 15.6819, 16.1064, 15.5304, 15.8569, 15.4142, 15.5013,
        15.4893, 15.5306], device='cuda:0')
0.03184223175048828
tensor([15.6568, 15.4367, 15.7866, 16.2092, 15.6275, 15.9582, 15.5139, 15.6042,
        15.5806, 15.6262], device='cuda:0')
0.028203487396240234
tensor([15.7590, 15.5398, 15.8909, 16.3114, 15.7241, 16.0592, 15.6141, 15.7065,
        15.6731, 15.7217], device='cuda:0')
0.027644634246826172
tensor([15.8613, 15.6433, 15.9950, 16.4138, 15.8194, 16.1606, 15.7141, 15.8078,
        15.7676, 15.8170], device='cuda:0')
0.06316471099853516
tensor([15.9633, 15.7469, 16.0987, 16.5159, 15.9151, 16.2616, 15.8137, 15.9099,
        15.8630, 15.9116], device='cuda:0')
0.037885427474975586
tensor([16.0650, 15.8510, 16.2023, 16.6182, 16.0091, 16.3631, 15.9141, 16.0120,
        15.9591, 16.0061], device='cuda:0')
0.07284140586853027
tensor([16.1667, 15.9554, 16.3051, 16.7203, 16.1037, 16.4642, 16.0148, 16.1148,
        16.0553, 16.0997], device='cuda:0')
0.06204581260681152
tensor([16.2679, 16.0602, 16.4090, 16.8230, 16.1974, 16.5658, 16.1156, 16.2157,
        16.1520, 16.1934], device='cuda:0')
0.02890181541442871
tensor([16.3693, 16.1656, 16.5120, 16.9256, 16.2911, 16.6661, 16.2165, 16.3185,
        16.2477, 16.2877], device='cuda:0')
0.03954505920410156
tensor([16.4703, 16.2713, 16.6150, 17.0258, 16.3859, 16.7672, 16.3169, 16.4213,
        16.3431, 16.3831], device='cuda:0')
0.09578299522399902
tensor([16.5715, 16.3772, 16.7180, 17.1287, 16.4789, 16.8694, 16.4174, 16.5227,
        16.4385, 16.4775], device='cuda:0')
0.05981802940368652
tensor([16.6721, 16.4831, 16.8202, 17.2298, 16.5742, 16.9708, 16.5175, 16.6253,
        16.5341, 16.5726], device='cuda:0')
0.1215965747833252
tensor([16.7726, 16.5892, 16.9225, 17.3284, 16.6700, 17.0731, 16.6178, 16.7279,
        16.6301, 16.6683], device='cuda:0')
0.04132366180419922
tensor([16.8725, 16.6953, 17.0226, 17.4280, 16.7664, 17.1760, 16.7179, 16.8307,
        16.7268, 16.7636], device='cuda:0')
0.015416383743286133
tensor([16.9726, 16.8015, 17.1241, 17.5279, 16.8615, 17.2790, 16.8183, 16.9320,
        16.8234, 16.8595], device='cuda:0')
0.06605911254882812
tensor([17.0729, 16.9080, 17.2244, 17.6260, 16.9564, 17.3824, 16.9194, 17.0349,
        16.9191, 16.9564], device='cuda:0')
0.05474448204040527
tensor([17.1728, 17.0142, 17.3249, 17.7219, 17.0519, 17.4854, 17.0198, 17.1378,
        17.0165, 17.0546], device='cuda:0')
0.07880926132202148
tensor([17.2728, 17.1205, 17.4251, 17.8185, 17.1470, 17.5879, 17.1202, 17.2406,
        17.1136, 17.1535], device='cuda:0')
0.03607058525085449
tensor([17.3730, 17.2266, 17.5258, 17.9168, 17.2418, 17.6912, 17.2192, 17.3419,
        17.2113, 17.2522], device='cuda:0')
0.04234647750854492
tensor([17.4729, 17.3324, 17.6266, 18.0157, 17.3373, 17.7943, 17.3177, 17.4430,
        17.3091, 17.3507], device='cuda:0')
0.10629630088806152
tensor([17.5728, 17.4384, 17.7268, 18.1128, 17.4339, 17.8976, 17.4148, 17.5454,
        17.4071, 17.4502], device='cuda:0')
0.07575154304504395
tensor([17.6728, 17.5441, 17.8284, 18.2109, 17.5305, 18.0011, 17.5116, 17.6462,
        17.5046, 17.5496], device='cuda:0')
-0.022588491439819336
tensor([17.7723, 17.6495, 17.9298, 18.3097, 17.6275, 18.1049, 17.6064, 17.7476,
        17.6026, 17.6495], device='cuda:0')
0.07583832740783691
tensor([17.8680, 17.7021, 18.0222, 18.4107, 17.7571, 18.1731, 17.7626, 17.8289,
        17.7355, 17.7396], device='cuda:0')
0.057985544204711914
tensor([17.9680, 17.8070, 18.1244, 18.5107, 17.8541, 18.2766, 17.8560, 17.9294,
        17.8329, 17.8405], device='cuda:0')
0.08337688446044922
tensor([18.0681, 17.9119, 18.2268, 18.6103, 17.9520, 18.3801, 17.9487, 18.0304,
        17.9304, 17.9410], device='cuda:0')
0.052971839904785156
tensor([18.1686, 18.0169, 18.3297, 18.7084, 18.0503, 18.4835, 18.0414, 18.1311,
        18.0276, 18.0423], device='cuda:0')
0.02966594696044922
tensor([18.2686, 18.1213, 18.4324, 18.8053, 18.1491, 18.5865, 18.1345, 18.2326,
        18.1253, 18.1442], device='cuda:0')
0.0722663402557373
tensor([18.3686, 18.2257, 18.5350, 18.9026, 18.2483, 18.6892, 18.2272, 18.3341,
        18.2231, 18.2458], device='cuda:0')
0.09221911430358887
tensor([18.4684, 18.3302, 18.6379, 18.9988, 18.3484, 18.7919, 18.3200, 18.4356,
        18.3211, 18.3475], device='cuda:0')
0.040373802185058594
tensor([18.5674, 18.4340, 18.7410, 19.0957, 18.4480, 18.8951, 18.4150, 18.5350,
        18.4201, 18.4483], device='cuda:0')
0.01713705062866211
tensor([18.6665, 18.5378, 18.8445, 19.1927, 18.5482, 18.9981, 18.5106, 18.6332,
        18.5190, 18.5491], device='cuda:0')
0.24630308151245117
tensor([18.7659, 18.6417, 18.9482, 19.2877, 18.6493, 19.1006, 18.6060, 18.7317,
        18.6179, 18.6508], device='cuda:0')
0.0673832893371582
tensor([18.8665, 18.7449, 19.0522, 19.3832, 18.7508, 19.2016, 18.7023, 18.8306,
        18.7152, 18.7526], device='cuda:0')
0.052062034606933594
tensor([18.9660, 18.8478, 19.1559, 19.4801, 18.8518, 19.3032, 18.7997, 18.9265,
        18.8150, 18.8539], device='cuda:0')
0.06674718856811523
tensor([19.0658, 18.9504, 19.2598, 19.5777, 18.9530, 19.4039, 18.8983, 19.0217,
        18.9140, 18.9553], device='cuda:0')
0.11897587776184082
tensor([19.1658, 19.0532, 19.3636, 19.6736, 19.0548, 19.5049, 18.9961, 19.1170,
        19.0138, 19.0569], device='cuda:0')
0.041974782943725586
tensor([19.2664, 19.1558, 19.4674, 19.7698, 19.1568, 19.6061, 19.0946, 19.2106,
        19.1139, 19.1583], device='cuda:0')
0.053974151611328125
tensor([19.3672, 19.2579, 19.5707, 19.8662, 19.2588, 19.7064, 19.1929, 19.3060,
        19.2142, 19.2595], device='cuda:0')
0.10676860809326172
tensor([19.4683, 19.3592, 19.6732, 19.9627, 19.3614, 19.8060, 19.2910, 19.4019,
        19.3150, 19.3609], device='cuda:0')
0.055727481842041016
tensor([19.5692, 19.4596, 19.7757, 20.0586, 19.4642, 19.9061, 19.3891, 19.4983,
        19.4163, 19.4626], device='cuda:0')
0.04825997352600098
tensor([19.6701, 19.5590, 19.8775, 20.1551, 19.5668, 20.0062, 19.4880, 19.5955,
        19.5183, 19.5633], device='cuda:0')
0.05004739761352539
tensor([19.7710, 19.6574, 19.9796, 20.2507, 19.6698, 20.1066, 19.5875, 19.6925,
        19.6206, 19.6642], device='cuda:0')
0.004561662673950195
tensor([19.8721, 19.7561, 20.0817, 20.3453, 19.7727, 20.2076, 19.6870, 19.7893,
        19.7234, 19.7646], device='cuda:0')
0.036804914474487305
tensor([19.9731, 19.8545, 20.1837, 20.4391, 19.8760, 20.3084, 19.7858, 19.8876,
        19.8266, 19.8651], device='cuda:0')
0.03271937370300293
tensor([20.0737, 19.9531, 20.2857, 20.5338, 19.9791, 20.4097, 19.8850, 19.9847,
        19.9302, 19.9648], device='cuda:0')
0.1014096736907959
tensor([20.1742, 20.0516, 20.3877, 20.6289, 20.0822, 20.5114, 19.9837, 20.0823,
        20.0341, 20.0637], device='cuda:0')
0.021915435791015625
tensor([20.2755, 20.1500, 20.4897, 20.7236, 20.1857, 20.6124, 20.0820, 20.1811,
        20.1379, 20.1619], device='cuda:0')
0.02965855598449707
tensor([20.3763, 20.2490, 20.5921, 20.8196, 20.2891, 20.7146, 20.1801, 20.2785,
        20.2419, 20.2585], device='cuda:0')
0.04473471641540527
tensor([20.4771, 20.3475, 20.6945, 20.9162, 20.3928, 20.8167, 20.2778, 20.3763,
        20.3460, 20.3548], device='cuda:0')
0.10319232940673828
tensor([20.5787, 20.4460, 20.7972, 21.0117, 20.4967, 20.9191, 20.3751, 20.4741,
        20.4499, 20.4513], device='cuda:0')
0.0516660213470459
tensor([20.6810, 20.5426, 20.8996, 21.1061, 20.6008, 21.0211, 20.4725, 20.5733,
        20.5535, 20.5492], device='cuda:0')
0.030951261520385742
tensor([20.7822, 20.6402, 21.0016, 21.2011, 20.7051, 21.1240, 20.5700, 20.6721,
        20.6574, 20.6461], device='cuda:0')
0.024515867233276367
tensor([20.8834, 20.7366, 21.1030, 21.2977, 20.8092, 21.2270, 20.6674, 20.7710,
        20.7613, 20.7431], device='cuda:0')
0.044820308685302734
tensor([20.9845, 20.8334, 21.2046, 21.3947, 20.9130, 21.3302, 20.7660, 20.8681,
        20.8651, 20.8403], device='cuda:0')
0.03719305992126465
tensor([21.0849, 20.9299, 21.3057, 21.4920, 21.0167, 21.4335, 20.8648, 20.9655,
        20.9688, 20.9378], device='cuda:0')
-0.005472660064697266
tensor([21.1849, 21.0261, 21.4069, 21.5888, 21.1206, 21.5368, 20.9637, 21.0635,
        21.0727, 21.0359], device='cuda:0')
0.042868852615356445
tensor([21.2719, 21.1835, 21.5033, 21.7360, 21.1784, 21.6069, 21.0724, 21.1584,
        21.1371, 21.1517], device='cuda:0')
-0.004040241241455078
tensor([21.3717, 21.2802, 21.6046, 21.8320, 21.2823, 21.7100, 21.1720, 21.2570,
        21.2411, 21.2488], device='cuda:0')
0.060164451599121094
tensor([21.4646, 21.4326, 21.7060, 21.9670, 21.3458, 21.7928, 21.2718, 21.3445,
        21.3060, 21.3688], device='cuda:0')
0.03781771659851074
tensor([21.5639, 21.5292, 21.8067, 22.0633, 21.4497, 21.8946, 21.3717, 21.4451,
        21.4100, 21.4657], device='cuda:0')
0.03867387771606445
tensor([21.6623, 21.6259, 21.9068, 22.1610, 21.5534, 21.9960, 21.4722, 21.5457,
        21.5142, 21.5622], device='cuda:0')
0.03254413604736328
tensor([21.7611, 21.7231, 22.0069, 22.2590, 21.6569, 22.0969, 21.5727, 21.6459,
        21.6187, 21.6585], device='cuda:0')
0.03359222412109375
tensor([21.8605, 21.8198, 22.1071, 22.3576, 21.7604, 22.1971, 21.6739, 21.7460,
        21.7230, 21.7545], device='cuda:0')
0.03204202651977539
tensor([21.9587, 21.9181, 22.2083, 22.4562, 21.8636, 22.2971, 21.7753, 21.8453,
        21.8269, 21.8503], device='cuda:0')
0.0704033374786377
tensor([22.0574, 22.0166, 22.3097, 22.5553, 21.9665, 22.3960, 21.8772, 21.9450,
        21.9307, 21.9454], device='cuda:0')
0.012961149215698242
tensor([22.1574, 22.1152, 22.4112, 22.6545, 22.0690, 22.4935, 21.9793, 22.0446,
        22.0346, 22.0405], device='cuda:0')
0.05279064178466797
tensor([22.2577, 22.2134, 22.5131, 22.7547, 22.1714, 22.5896, 22.0815, 22.1449,
        22.1385, 22.1349], device='cuda:0')
0.04252767562866211
tensor([22.3582, 22.3123, 22.6151, 22.8552, 22.2734, 22.6844, 22.1840, 22.2454,
        22.2421, 22.2298], device='cuda:0')
0.03975319862365723
tensor([22.4600, 22.4115, 22.7176, 22.9563, 22.3752, 22.7774, 22.2865, 22.3458,
        22.3457, 22.3237], device='cuda:0')
0.12153887748718262
tensor([22.5623, 22.5108, 22.8205, 23.0579, 22.4768, 22.8697, 22.3886, 22.4458,
        22.4493, 22.4181], device='cuda:0')
0.03320431709289551
tensor([22.6641, 22.6101, 22.9237, 23.1589, 22.5792, 22.9600, 22.4906, 22.5469,
        22.5531, 22.5133], device='cuda:0')
0.04994344711303711
tensor([22.7662, 22.7088, 23.0266, 23.2601, 22.6815, 23.0491, 22.5928, 22.6481,
        22.6568, 22.6096], device='cuda:0')
0.05024266242980957
tensor([22.8680, 22.8076, 23.1291, 23.3617, 22.7837, 23.1392, 22.6945, 22.7494,
        22.7603, 22.7063], device='cuda:0')
0.03200697898864746
tensor([22.9703, 22.9060, 23.2312, 23.4637, 22.8850, 23.2293, 22.7962, 22.8506,
        22.8637, 22.8038], device='cuda:0')
0.0613405704498291
tensor([23.0715, 23.0044, 23.3333, 23.5647, 22.9860, 23.3221, 22.8975, 22.9516,
        22.9669, 22.9019], device='cuda:0')
0.030106067657470703
tensor([23.1739, 23.1021, 23.4349, 23.6658, 23.0877, 23.4113, 22.9991, 23.0545,
        23.0703, 23.0003], device='cuda:0')
0.07983899116516113
tensor([23.2761, 23.2003, 23.5362, 23.7676, 23.1894, 23.5010, 23.1001, 23.1576,
        23.1739, 23.0977], device='cuda:0')
0.03930497169494629
tensor([23.3779, 23.2987, 23.6375, 23.8696, 23.2903, 23.5933, 23.2014, 23.2603,
        23.2772, 23.1935], device='cuda:0')
0.009845733642578125
tensor([23.4797, 23.3978, 23.7391, 23.9712, 23.3908, 23.6868, 23.3024, 23.3632,
        23.3804, 23.2884], device='cuda:0')
0.05159616470336914
tensor([23.5818, 23.4965, 23.8406, 24.0732, 23.4908, 23.7802, 23.4033, 23.4665,
        23.4837, 23.3830], device='cuda:0')
0.01828622817993164
tensor([23.6842, 23.5952, 23.9423, 24.1751, 23.5915, 23.8740, 23.5035, 23.5706,
        23.5873, 23.4760], device='cuda:0')
0.06028103828430176
tensor([23.7863, 23.6945, 24.0441, 24.2767, 23.6918, 23.9688, 23.6039, 23.6740,
        23.6906, 23.5688], device='cuda:0')
0.05936169624328613
tensor([23.8895, 23.7933, 24.1458, 24.3782, 23.7931, 24.0625, 23.7038, 23.7786,
        23.7945, 23.6603], device='cuda:0')
0.1556558609008789
tensor([23.9914, 23.8926, 24.2476, 24.4796, 23.8936, 24.1580, 23.8033, 23.8826,
        23.8980, 23.7529], device='cuda:0')
0.07941818237304688
tensor([24.0941, 23.9921, 24.3498, 24.5804, 23.9948, 24.2538, 23.9029, 23.9873,
        24.0013, 23.8434], device='cuda:0')
0.06210660934448242
tensor([24.1968, 24.0917, 24.4524, 24.6804, 24.0965, 24.3502, 24.0031, 24.0916,
        24.1036, 23.9334], device='cuda:0')
0.01875138282775879
tensor([24.2980, 24.1914, 24.5550, 24.7811, 24.1961, 24.4483, 24.1036, 24.1939,
        24.2049, 24.0273], device='cuda:0')
0.0678853988647461
tensor([24.3988, 24.2915, 24.6576, 24.8815, 24.2960, 24.5469, 24.2042, 24.2958,
        24.3054, 24.1221], device='cuda:0')
0.03945660591125488
tensor([24.4998, 24.3917, 24.7601, 24.9817, 24.3957, 24.6446, 24.3047, 24.3979,
        24.4057, 24.2178], device='cuda:0')
0.0011289119720458984
tensor([24.6009, 24.4923, 24.8628, 25.0816, 24.4957, 24.7419, 24.4056, 24.4997,
        24.5051, 24.3141], device='cuda:0')
0.020754575729370117
tensor([24.7018, 24.5928, 24.9655, 25.1816, 24.5959, 24.8398, 24.5070, 24.6008,
        24.6039, 24.4104], device='cuda:0')
0.05373668670654297
tensor([24.8027, 24.6936, 25.0681, 25.2823, 24.6959, 24.9377, 24.6086, 24.7013,
        24.7019, 24.5073], device='cuda:0')
0.07755017280578613
tensor([24.9035, 24.7940, 25.1710, 25.3836, 24.7967, 25.0352, 24.7106, 24.8018,
        24.7997, 24.6036], device='cuda:0')
0.029982805252075195
tensor([25.0049, 24.8942, 25.2743, 25.4848, 24.8988, 25.1317, 24.8128, 24.9028,
        24.8963, 24.6991], device='cuda:0')
0.18142127990722656
tensor([25.1047, 24.9941, 25.3776, 25.5863, 25.0001, 25.2301, 24.9147, 25.0018,
        24.9942, 24.7960], device='cuda:0')
0.052349090576171875
tensor([25.2056, 25.0949, 25.4815, 25.6882, 25.1034, 25.3288, 25.0169, 25.1025,
        25.0894, 24.8883], device='cuda:0')
0.03167843818664551
tensor([25.3052, 25.1945, 25.5849, 25.7899, 25.2063, 25.4250, 25.1187, 25.2029,
        25.1864, 24.9858], device='cuda:0')
0.05615663528442383
tensor([25.4035, 25.2941, 25.6884, 25.8916, 25.3091, 25.5229, 25.2201, 25.3023,
        25.2842, 25.0835], device='cuda:0')
-0.05901908874511719
tensor([25.5011, 25.3931, 25.7922, 25.9936, 25.4127, 25.6207, 25.3209, 25.4019,
        25.3818, 25.1816], device='cuda:0')
0.03519487380981445
tensor([25.6269, 25.5021, 25.8590, 26.0731, 25.4799, 25.7428, 25.4125, 25.5074,
        25.4992, 25.2965], device='cuda:0')
0.06101632118225098
tensor([25.7239, 25.6013, 25.9629, 26.1758, 25.5839, 25.8393, 25.5134, 25.6070,
        25.5966, 25.3954], device='cuda:0')
0.06469202041625977
tensor([25.8208, 25.6996, 26.0665, 26.2789, 25.6877, 25.9372, 25.6144, 25.7062,
        25.6937, 25.4946], device='cuda:0')
0.0318913459777832
tensor([25.9176, 25.7983, 26.1705, 26.3814, 25.7921, 26.0339, 25.7150, 25.8062,
        25.7911, 25.5936], device='cuda:0')
0.02865767478942871
tensor([26.0140, 25.8968, 26.2744, 26.4838, 25.8964, 26.1307, 25.8150, 25.9064,
        25.8889, 25.6933], device='cuda:0')
0.08041262626647949
tensor([26.1100, 25.9950, 26.3782, 26.5863, 26.0005, 26.2287, 25.9149, 26.0064,
        25.9868, 25.7929], device='cuda:0')
0.05818510055541992
tensor([26.2065, 26.0929, 26.4814, 26.6889, 26.1046, 26.3266, 26.0145, 26.1071,
        26.0848, 25.8923], device='cuda:0')
0.030014514923095703
tensor([26.3028, 26.1912, 26.5842, 26.7918, 26.2079, 26.4248, 26.1135, 26.2076,
        26.1836, 25.9922], device='cuda:0')
0.029581069946289062
tensor([26.3989, 26.2895, 26.6865, 26.8948, 26.3112, 26.5232, 26.2116, 26.3084,
        26.2829, 26.0926], device='cuda:0')
0.04570627212524414
tensor([26.4950, 26.3883, 26.7882, 26.9977, 26.4147, 26.6212, 26.3080, 26.4100,
        26.3826, 26.1938], device='cuda:0')
0.041664838790893555
tensor([26.5915, 26.4864, 26.8895, 27.1006, 26.5178, 26.7201, 26.4042, 26.5115,
        26.4828, 26.2952], device='cuda:0')
0.05126786231994629
tensor([26.6892, 26.5846, 26.9901, 27.2034, 26.6209, 26.8182, 26.4994, 26.6140,
        26.5830, 26.3970], device='cuda:0')
0.041054487228393555
tensor([26.7872, 26.6834, 27.0901, 27.3065, 26.7254, 26.9185, 26.5948, 26.7169,
        26.6824, 26.4945], device='cuda:0')
-0.0015437602996826172
tensor([26.8840, 26.7821, 27.1903, 27.4089, 26.8285, 27.0180, 26.6897, 26.8190,
        26.7838, 26.5954], device='cuda:0')
0.02876567840576172
tensor([27.0033, 26.8904, 27.2954, 27.4872, 26.8954, 27.1241, 26.8352, 26.8977,
        26.8755, 26.6953], device='cuda:0')
0.050351619720458984
tensor([27.1004, 26.9897, 27.3947, 27.5896, 26.9986, 27.2243, 26.9300, 26.9995,
        26.9768, 26.7960], device='cuda:0')
0.01058340072631836
tensor([27.1970, 27.0893, 27.4939, 27.6922, 27.1023, 27.3252, 27.0251, 27.1003,
        27.0781, 26.8962], device='cuda:0')
0.0617218017578125
tensor([27.2935, 27.1896, 27.5933, 27.7947, 27.2063, 27.4259, 27.1196, 27.2012,
        27.1793, 26.9963], device='cuda:0')
0.022632837295532227
tensor([27.3896, 27.2903, 27.6923, 27.8968, 27.3102, 27.5268, 27.2146, 27.3029,
        27.2793, 27.0969], device='cuda:0')
0.029619216918945312
tensor([27.4850, 27.3912, 27.7923, 27.9989, 27.4141, 27.6279, 27.3093, 27.4040,
        27.3795, 27.1973], device='cuda:0')
0.09769201278686523
tensor([27.5808, 27.4924, 27.8916, 28.1008, 27.5183, 27.7298, 27.4046, 27.5049,
        27.4792, 27.2973], device='cuda:0')
0.09215784072875977
tensor([27.6771, 27.5939, 27.9908, 28.2020, 27.6227, 27.8317, 27.5004, 27.6057,
        27.5785, 27.3968], device='cuda:0')
0.02502131462097168
tensor([27.7744, 27.6956, 28.0905, 28.3038, 27.7278, 27.9352, 27.5977, 27.7060,
        27.6760, 27.4926], device='cuda:0')
0.046468257904052734
tensor([27.8712, 27.7966, 28.1904, 28.4054, 27.8319, 28.0374, 27.6947, 27.8059,
        27.7746, 27.5916], device='cuda:0')
0.023608922958374023
tensor([27.9685, 27.8976, 28.2896, 28.5069, 27.9361, 28.1401, 27.7924, 27.9053,
        27.8730, 27.6900], device='cuda:0')
0.08572793006896973
tensor([28.0666, 27.9988, 28.3890, 28.6078, 28.0402, 28.2428, 27.8901, 28.0050,
        27.9708, 27.7886], device='cuda:0')
0.0278472900390625
tensor([28.1647, 28.0998, 28.4887, 28.7084, 28.1441, 28.3455, 27.9878, 28.1043,
        28.0685, 27.8879], device='cuda:0')
0.08231830596923828
tensor([28.2630, 28.2011, 28.5882, 28.8083, 28.2479, 28.4485, 28.0857, 28.2038,
        28.1660, 27.9872], device='cuda:0')
0.03673052787780762
tensor([28.3618, 28.3028, 28.6880, 28.9073, 28.3514, 28.5519, 28.1838, 28.3032,
        28.2634, 28.0859], device='cuda:0')
0.043181657791137695
tensor([28.4604, 28.4045, 28.7875, 29.0068, 28.4546, 28.6550, 28.2818, 28.4032,
        28.3604, 28.1854], device='cuda:0')
0.07119417190551758
tensor([28.5589, 28.5067, 28.8873, 29.1062, 28.5575, 28.7585, 28.3800, 28.5031,
        28.4571, 28.2843], device='cuda:0')
0.03590965270996094
tensor([28.6591, 28.6087, 28.9874, 29.2055, 28.6603, 28.8631, 28.4795, 28.6023,
        28.5520, 28.3818], device='cuda:0')
0.02592945098876953
tensor([28.7578, 28.7103, 29.0868, 29.3054, 28.7624, 28.9664, 28.5778, 28.7020,
        28.6487, 28.4819], device='cuda:0')
0.04524588584899902
tensor([28.8570, 28.8117, 29.1865, 29.4051, 28.8645, 29.0701, 28.6766, 28.8016,
        28.7449, 28.5815], device='cuda:0')
0.027666091918945312
tensor([28.9560, 28.9133, 29.2864, 29.5053, 28.9664, 29.1737, 28.7766, 28.9012,
        28.8395, 28.6812], device='cuda:0')
0.01854109764099121
tensor([29.0551, 29.0155, 29.3856, 29.6051, 29.0683, 29.2776, 28.8759, 29.0007,
        28.9342, 28.7817], device='cuda:0')
0.0464632511138916
tensor([29.1540, 29.1174, 29.4851, 29.7051, 29.1701, 29.3815, 28.9755, 29.0997,
        29.0287, 28.8824], device='cuda:0')
0.026339292526245117
tensor([29.2525, 29.2195, 29.5850, 29.8054, 29.2715, 29.4858, 29.0758, 29.1981,
        29.1223, 28.9837], device='cuda:0')
0.04556608200073242
tensor([29.3506, 29.3220, 29.6853, 29.9056, 29.3733, 29.5900, 29.1755, 29.2960,
        29.2165, 29.0848], device='cuda:0')
0.10075259208679199
tensor([29.4489, 29.4247, 29.7859, 30.0053, 29.4750, 29.6940, 29.2746, 29.3939,
        29.3112, 29.1860], device='cuda:0')
0.0883028507232666
tensor([29.5476, 29.5278, 29.8870, 30.1048, 29.5775, 29.7979, 29.3740, 29.4918,
        29.4047, 29.2867], device='cuda:0')
0.021387100219726562
tensor([29.6466, 29.6313, 29.9889, 30.2039, 29.6805, 29.9021, 29.4733, 29.5900,
        29.4974, 29.3856], device='cuda:0')
0.012946128845214844
tensor([29.7448, 29.7342, 30.0906, 30.3033, 29.7832, 30.0050, 29.5719, 29.6884,
        29.5917, 29.4866], device='cuda:0')
0.06942129135131836
tensor([29.8425, 29.8368, 30.1930, 30.4029, 29.8857, 30.1076, 29.6701, 29.7859,
        29.6872, 29.5879], device='cuda:0')
0.013936042785644531
tensor([29.9410, 29.9395, 30.2951, 30.5024, 29.9885, 30.2091, 29.7684, 29.8838,
        29.7825, 29.6892], device='cuda:0')
0.061034202575683594
tensor([30.0408, 30.0424, 30.3981, 30.6019, 30.0923, 30.3116, 29.8674, 29.9815,
        29.8759, 29.7877], device='cuda:0')
0.05665993690490723
tensor([30.1403, 30.1448, 30.5006, 30.7014, 30.1959, 30.4134, 29.9659, 30.0787,
        29.9711, 29.8875], device='cuda:0')
0.07244420051574707
tensor([30.2391, 30.2463, 30.6023, 30.8015, 30.2991, 30.5142, 30.0653, 30.1759,
        30.0674, 29.9885], device='cuda:0')
0.04501485824584961
tensor([30.3386, 30.3473, 30.7036, 30.9021, 30.4029, 30.6144, 30.1641, 30.2731,
        30.1640, 30.0894], device='cuda:0')
0.05258893966674805
tensor([30.4376, 30.4483, 30.8038, 31.0032, 30.5067, 30.7144, 30.2629, 30.3695,
        30.2619, 30.1912], device='cuda:0')
0.04529380798339844
tensor([30.5375, 30.5489, 30.9041, 31.1047, 30.6116, 30.8138, 30.3617, 30.4649,
        30.3602, 30.2921], device='cuda:0')
0.0386962890625
tensor([30.6373, 30.6494, 31.0046, 31.2067, 30.7166, 30.9133, 30.4613, 30.5589,
        30.4587, 30.3926], device='cuda:0')
0.0359346866607666
tensor([30.7371, 30.7501, 31.1052, 31.3088, 30.8217, 31.0117, 30.5604, 30.6536,
        30.5575, 30.4937], device='cuda:0')
0.06470012664794922
tensor([30.8354, 30.8512, 31.2052, 31.4103, 30.9268, 31.1104, 30.6588, 30.7483,
        30.6577, 30.5956], device='cuda:0')
0.03158378601074219
tensor([30.9356, 30.9525, 31.3056, 31.5121, 31.0326, 31.2068, 30.7579, 30.8438,
        30.7565, 30.6961], device='cuda:0')
0.08814120292663574
tensor([31.0340, 31.0533, 31.4057, 31.6141, 31.1381, 31.3058, 30.8568, 30.9381,
        30.8568, 30.7968], device='cuda:0')
0.042264461517333984
tensor([31.1324, 31.1545, 31.5057, 31.7163, 31.2444, 31.4037, 30.9552, 31.0345,
        30.9572, 30.8955], device='cuda:0')
0.04006791114807129
tensor([31.2301, 31.2555, 31.6055, 31.8183, 31.3498, 31.5027, 31.0534, 31.1298,
        31.0584, 30.9961], device='cuda:0')
0.030861377716064453
tensor([31.3280, 31.3569, 31.7055, 31.9200, 31.4555, 31.6013, 31.1507, 31.2247,
        31.1607, 31.0962], device='cuda:0')
0.026047468185424805
tensor([31.4257, 31.4584, 31.8059, 32.0216, 31.5608, 31.7006, 31.2479, 31.3196,
        31.2632, 31.1958], device='cuda:0')
0.019938230514526367
tensor([31.5235, 31.5600, 31.9062, 32.1233, 31.6656, 31.7998, 31.3454, 31.4144,
        31.3660, 31.2952], device='cuda:0')
0.04361319541931152
tensor([31.6212, 31.6618, 32.0067, 32.2252, 31.7703, 31.8988, 31.4433, 31.5089,
        31.4690, 31.3944], device='cuda:0')
0.01732015609741211
tensor([31.7196, 31.7636, 32.1080, 32.3274, 31.8751, 31.9977, 31.5412, 31.6039,
        31.5723, 31.4906], device='cuda:0')
0.1300806999206543
tensor([31.8177, 31.8656, 32.2092, 32.4293, 31.9797, 32.0965, 31.6387, 31.6996,
        31.6761, 31.5872], device='cuda:0')
0.02731037139892578
tensor([31.9168, 31.9682, 32.3109, 32.5310, 32.0852, 32.1941, 31.7374, 31.7975,
        31.7795, 31.6789], device='cuda:0')
0.07143115997314453
tensor([32.0141, 32.0705, 32.4117, 32.6322, 32.1886, 32.2934, 31.8352, 31.8940,
        31.8836, 31.7764], device='cuda:0')
0.06900691986083984
tensor([32.1118, 32.1728, 32.5122, 32.7325, 32.2922, 32.3917, 31.9337, 31.9922,
        31.9881, 31.8723], device='cuda:0')
0.04033160209655762
tensor([32.2101, 32.2754, 32.6129, 32.8322, 32.3950, 32.4904, 32.0317, 32.0907,
        32.0924, 31.9687], device='cuda:0')
0.017654895782470703
tensor([32.3076, 32.3783, 32.7136, 32.9316, 32.4974, 32.5903, 32.1304, 32.1893,
        32.1971, 32.0640], device='cuda:0')
0.04152369499206543
tensor([32.4061, 32.4813, 32.8145, 33.0321, 32.6006, 32.6903, 32.2297, 32.2883,
        32.3017, 32.1549], device='cuda:0')
0.08357405662536621
tensor([32.5044, 32.5842, 32.9141, 33.1328, 32.7033, 32.7903, 32.3296, 32.3875,
        32.4062, 32.2472], device='cuda:0')
0.05539298057556152
tensor([32.6027, 32.6875, 33.0130, 33.2324, 32.8054, 32.8896, 32.4306, 32.4879,
        32.5101, 32.3403], device='cuda:0')
0.017511367797851562
tensor([32.7005, 32.7911, 33.1099, 33.3330, 32.9074, 32.9898, 32.5319, 32.5885,
        32.6144, 32.4330], device='cuda:0')
0.010861635208129883
tensor([32.7984, 32.8948, 33.2064, 33.4340, 33.0082, 33.0902, 32.6334, 32.6888,
        32.7185, 32.5265], device='cuda:0')
0.03896737098693848
tensor([32.8958, 32.9990, 33.3021, 33.5348, 33.1091, 33.1909, 32.7348, 32.7894,
        32.8230, 32.6205], device='cuda:0')
0.014529705047607422
tensor([32.9937, 33.1036, 33.3962, 33.6362, 33.2097, 33.2910, 32.8368, 32.8903,
        32.9274, 32.7144], device='cuda:0')
0.016573667526245117
tensor([33.0912, 33.2082, 33.4902, 33.7379, 33.3099, 33.3913, 32.9388, 32.9904,
        33.0321, 32.8097], device='cuda:0')
0.024244070053100586
tensor([33.1890, 33.3127, 33.5833, 33.8396, 33.4097, 33.4914, 33.0408, 33.0906,
        33.1369, 32.9055], device='cuda:0')
0.05345582962036133
tensor([33.2870, 33.4174, 33.6761, 33.9414, 33.5098, 33.5915, 33.1432, 33.1912,
        33.2415, 33.0006], device='cuda:0')
0.027681350708007812
tensor([33.3859, 33.5227, 33.7665, 34.0428, 33.6097, 33.6901, 33.2452, 33.2932,
        33.3464, 33.0972], device='cuda:0')
0.04625558853149414
tensor([33.4843, 33.6274, 33.8578, 34.1448, 33.7095, 33.7899, 33.3465, 33.3941,
        33.4512, 33.1941], device='cuda:0')
0.017969131469726562
tensor([33.5832, 33.7320, 33.9496, 34.2470, 33.8086, 33.8892, 33.4470, 33.4951,
        33.5560, 33.2919], device='cuda:0')
0.03461456298828125
tensor([33.6824, 33.8363, 34.0417, 34.3493, 33.9074, 33.9886, 33.5477, 33.5960,
        33.6606, 33.3898], device='cuda:0')
0.012375116348266602
tensor([33.7821, 33.9406, 34.1341, 34.4517, 34.0057, 34.0877, 33.6477, 33.6968,
        33.7651, 33.4882], device='cuda:0')
0.041404008865356445
tensor([33.8828, 34.0453, 34.2251, 34.5547, 34.1053, 34.1868, 33.7479, 33.7988,
        33.8690, 33.5840], device='cuda:0')
0.029450416564941406
tensor([33.9827, 34.1495, 34.3177, 34.6561, 34.2034, 34.2859, 33.8469, 33.8999,
        33.9732, 33.6842], device='cuda:0')
0.03651690483093262
tensor([34.0830, 34.2539, 34.4101, 34.7565, 34.3008, 34.3850, 33.9458, 34.0015,
        34.0776, 33.7853], device='cuda:0')
0.02848505973815918
tensor([34.1834, 34.3580, 34.5034, 34.8575, 34.3979, 34.4849, 34.0437, 34.1021,
        34.1819, 33.8868], device='cuda:0')
0.03079080581665039
tensor([34.2847, 34.4621, 34.5969, 34.9583, 34.4945, 34.5844, 34.1413, 34.2030,
        34.2860, 33.9883], device='cuda:0')
0.054728031158447266
tensor([34.3866, 34.5659, 34.6909, 35.0597, 34.5901, 34.6838, 34.2387, 34.3041,
        34.3898, 34.0899], device='cuda:0')
0.06266331672668457
tensor([34.4888, 34.6696, 34.7863, 35.1607, 34.6856, 34.7831, 34.3360, 34.4045,
        34.4935, 34.1913], device='cuda:0')
0.048394203186035156
tensor([34.5918, 34.7730, 34.8810, 35.2623, 34.7821, 34.8824, 34.4335, 34.5052,
        34.5966, 34.2916], device='cuda:0')
0.02451634407043457
tensor([34.6947, 34.8764, 34.9770, 35.3635, 34.8778, 34.9818, 34.5299, 34.6054,
        34.7000, 34.3930], device='cuda:0')
0.030462980270385742
tensor([34.7974, 34.9788, 35.0737, 35.4649, 34.9743, 35.0817, 34.6257, 34.7047,
        34.8036, 34.4948], device='cuda:0')
0.047043800354003906
tensor([34.9006, 35.0814, 35.1711, 35.5654, 35.0700, 35.1814, 34.7209, 34.8043,
        34.9072, 34.5971], device='cuda:0')
0.06558394432067871
tensor([35.0041, 35.1840, 35.2692, 35.6657, 35.1663, 35.2811, 34.8152, 34.9036,
        35.0109, 34.6994], device='cuda:0')
0.0188138484954834
tensor([35.1085, 35.2865, 35.3661, 35.7660, 35.2638, 35.3803, 34.9096, 35.0037,
        35.1142, 34.8009], device='cuda:0')
0.009656429290771484
tensor([35.2127, 35.3885, 35.4641, 35.8659, 35.3608, 35.4800, 35.0036, 35.1033,
        35.2179, 34.9028], device='cuda:0')
0.03753829002380371
tensor([35.3170, 35.4903, 35.5628, 35.9662, 35.4577, 35.5799, 35.0972, 35.2020,
        35.3218, 35.0046], device='cuda:0')
0.03863954544067383
tensor([35.4221, 35.5921, 35.6612, 36.0663, 35.5555, 35.6788, 35.1914, 35.3010,
        35.4253, 35.1058], device='cuda:0')
0.004556894302368164
tensor([35.5264, 35.6932, 35.7615, 36.1659, 35.6531, 35.7784, 35.2849, 35.3985,
        35.5294, 35.2082], device='cuda:0')
0.008477449417114258
tensor([35.6315, 35.7940, 35.8613, 36.2657, 35.7518, 35.8773, 35.3788, 35.4963,
        35.6333, 35.3094], device='cuda:0')
-0.002785921096801758
tensor([35.7361, 35.8945, 35.9621, 36.3646, 35.8500, 35.9762, 35.4724, 35.5941,
        35.7376, 35.4119], device='cuda:0')